
dct.o:     file format elf32-littlearm


Disassembly of section .text:

00000000 <dct2dTestFlt>:
   0:	e92d 0ff0 	stmdb	sp!, {r4, r5, r6, r7, r8, r9, r10, r11}
   4:	f645 7140 	movw	r1, #24384	; 0x5f40
   8:	f247 4242 	movw	r2, #29762	; 0x7442
   c:	f645 03fd 	movw	r3, #22781	; 0x58fd
  10:	f649 04a4 	movw	r4, #39076	; 0x98a4
  14:	f64b 553b 	movw	r5, #48443	; 0xbd3b
  18:	f245 4642 	movw	r6, #21570	; 0x5442
  1c:	f64e 17ef 	movw	r7, #59887	; 0xe9ef
  20:	f245 08c3 	movw	r8, #20675	; 0x50c3
  24:	f648 299b 	movw	r9, #35483	; 0x8a9b
  28:	b0aa      	sub	sp, #168	; 0xa8
  2a:	f04f 0a00 	mov.w	r10, #0
  2e:	f6c7 518a 	movt	r1, #32138	; 0x7d8a
  32:	f2cb 42be 	movt	r2, #46270	; 0xb4be
  36:	f6c9 336e 	movt	r3, #39790	; 0x9b6e
  3a:	f6c6 246d 	movt	r4, #27245	; 0x6a6d
  3e:	f2ca 753a 	movt	r5, #42810	; 0xa73a
  42:	f6cd 46af 	movt	r6, #56495	; 0xdcaf
  46:	f2c4 5745 	movt	r7, #17733	; 0x4545
  4a:	f6c8 18be 	movt	r8, #35262	; 0x89be
  4e:	f2c6 19f7 	movt	r9, #25079	; 0x61f7
  52:	9016      	str	r0, [sp, #88]	; 0x58
  54:	f8cd a024 	str.w	r10, [sp, #36]	; 0x24
  58:	911c      	str	r1, [sp, #112]	; 0x70
  5a:	921d      	str	r2, [sp, #116]	; 0x74
  5c:	931e      	str	r3, [sp, #120]	; 0x78
  5e:	941f      	str	r4, [sp, #124]	; 0x7c
  60:	9520      	str	r5, [sp, #128]	; 0x80
  62:	9621      	str	r6, [sp, #132]	; 0x84
  64:	9722      	str	r7, [sp, #136]	; 0x88
  66:	f8cd 808c 	str.w	r8, [sp, #140]	; 0x8c
  6a:	f8cd 9090 	str.w	r9, [sp, #144]	; 0x90
  6e:	f8dd b024 	ldr.w	r11, [sp, #36]	; 0x24
  72:	f8dd c058 	ldr.w	r12, [sp, #88]	; 0x58
  76:	ea4f 0b5b 	mov.w	r11, r11, lsr #1
  7a:	eb0c 030b 	add.w	r3, r12, r11
  7e:	f8d3 8018 	ldr.w	r8, [r3, #24]
  82:	6859      	ldr	r1, [r3, #4]
  84:	68de      	ldr	r6, [r3, #12]
  86:	691f      	ldr	r7, [r3, #16]
  88:	f85c 000b 	ldr.w	r0, [r12, r11]
  8c:	69dd      	ldr	r5, [r3, #28]
  8e:	ebc8 0401 	rsb	r4, r8, r1
  92:	1bf1      	subs	r1, r6, r7
  94:	9e21      	ldr	r6, [sp, #132]	; 0x84
  96:	9003      	str	r0, [sp, #12]
  98:	f8cd b054 	str.w	r11, [sp, #84]	; 0x54
  9c:	1b40      	subs	r0, r0, r5
  9e:	f04f 5b80 	mov.w	r11, #268435456	; 0x10000000
  a2:	f04f 0c00 	mov.w	r12, #0
  a6:	fbc6 bc00 	smlal	r11, r12, r6, r0
  aa:	f8d3 9008 	ldr.w	r9, [r3, #8]
  ae:	f8d3 a014 	ldr.w	r10, [r3, #20]
  b2:	9e1c      	ldr	r6, [sp, #112]	; 0x70
  b4:	ebca 0209 	rsb	r2, r10, r9
  b8:	f8cd b014 	str.w	r11, [sp, #20]
  bc:	f8cd c018 	str.w	r12, [sp, #24]
  c0:	18a7      	adds	r7, r4, r2
  c2:	f04f 5b00 	mov.w	r11, #536870912	; 0x20000000
  c6:	f04f 0c00 	mov.w	r12, #0
  ca:	fbc6 bc07 	smlal	r11, r12, r6, r7
  ce:	9e1e      	ldr	r6, [sp, #120]	; 0x78
  d0:	f8cd b01c 	str.w	r11, [sp, #28]
  d4:	f8cd c020 	str.w	r12, [sp, #32]
  d8:	f04f 5b00 	mov.w	r11, #536870912	; 0x20000000
  dc:	f04f 0c00 	mov.w	r12, #0
  e0:	fbc6 bc04 	smlal	r11, r12, r6, r4
  e4:	9c1f      	ldr	r4, [sp, #124]	; 0x7c
  e6:	f8cd b04c 	str.w	r11, [sp, #76]	; 0x4c
  ea:	f8cd c050 	str.w	r12, [sp, #80]	; 0x50
  ee:	1840      	adds	r0, r0, r1
  f0:	f04f 5b00 	mov.w	r11, #536870912	; 0x20000000
  f4:	f04f 0c00 	mov.w	r12, #0
  f8:	fbc4 bc00 	smlal	r11, r12, r4, r0
  fc:	f8cd b060 	str.w	r11, [sp, #96]	; 0x60
 100:	f8cd c064 	str.w	r12, [sp, #100]	; 0x64
 104:	f8dd b074 	ldr.w	r11, [sp, #116]	; 0x74
 108:	2700      	movs	r7, #0
 10a:	f04f 5600 	mov.w	r6, #536870912	; 0x20000000
 10e:	fbcb 6702 	smlal	r6, r7, r11, r2
 112:	f8dd b080 	ldr.w	r11, [sp, #128]	; 0x80
 116:	9611      	str	r6, [sp, #68]	; 0x44
 118:	9712      	str	r7, [sp, #72]	; 0x48
 11a:	2700      	movs	r7, #0
 11c:	f04f 5600 	mov.w	r6, #536870912	; 0x20000000
 120:	fbcb 6701 	smlal	r6, r7, r11, r1
 124:	9803      	ldr	r0, [sp, #12]
 126:	685a      	ldr	r2, [r3, #4]
 128:	f8dd c014 	ldr.w	r12, [sp, #20]
 12c:	182d      	adds	r5, r5, r0
 12e:	4490      	add	r8, r2
 130:	44ca      	add	r10, r9
 132:	f8dd 9060 	ldr.w	r9, [sp, #96]	; 0x60
 136:	9517      	str	r5, [sp, #92]	; 0x5c
 138:	f8cd 8034 	str.w	r8, [sp, #52]	; 0x34
 13c:	f8cd a03c 	str.w	r10, [sp, #60]	; 0x3c
 140:	68dd      	ldr	r5, [r3, #12]
 142:	691c      	ldr	r4, [r3, #16]
 144:	f8dd 804c 	ldr.w	r8, [sp, #76]	; 0x4c
 148:	f8dd a018 	ldr.w	r10, [sp, #24]
 14c:	961a      	str	r6, [sp, #104]	; 0x68
 14e:	971b      	str	r7, [sp, #108]	; 0x6c
 150:	ea4f 715c 	mov.w	r1, r12, lsr #29
 154:	9f07      	ldr	r7, [sp, #28]
 156:	f8dd c05c 	ldr.w	r12, [sp, #92]	; 0x5c
 15a:	ea4f 7299 	mov.w	r2, r9, lsr #30
 15e:	f8dd 9064 	ldr.w	r9, [sp, #100]	; 0x64
 162:	eb05 0b04 	add.w	r11, r5, r4
 166:	980d      	ldr	r0, [sp, #52]	; 0x34
 168:	9c0f      	ldr	r4, [sp, #60]	; 0x3c
 16a:	ea4f 7598 	mov.w	r5, r8, lsr #30
 16e:	ea41 01ca 	orr.w	r1, r1, r10, lsl #3
 172:	f8dd 8020 	ldr.w	r8, [sp, #32]
 176:	0fbe      	lsrs	r6, r7, #30
 178:	ea42 0289 	orr.w	r2, r2, r9, lsl #2
 17c:	ebcb 070c 	rsb	r7, r11, r12
 180:	3101      	adds	r1, #1
 182:	f8dd c050 	ldr.w	r12, [sp, #80]	; 0x50
 186:	ebc4 0a00 	rsb	r10, r4, r0
 18a:	ea46 0688 	orr.w	r6, r6, r8, lsl #2
 18e:	9c11      	ldr	r4, [sp, #68]	; 0x44
 190:	f8dd 8068 	ldr.w	r8, [sp, #104]	; 0x68
 194:	eb02 0161 	add.w	r1, r2, r1, asr #1
 198:	910b      	str	r1, [sp, #44]	; 0x2c
 19a:	ea45 058c 	orr.w	r5, r5, r12, lsl #2
 19e:	9922      	ldr	r1, [sp, #136]	; 0x88
 1a0:	eb05 0c06 	add.w	r12, r5, r6
 1a4:	0fa0      	lsrs	r0, r4, #30
 1a6:	eb0a 0507 	add.w	r5, r10, r7
 1aa:	ea4f 7498 	mov.w	r4, r8, lsr #30
 1ae:	f04f 0900 	mov.w	r9, #0
 1b2:	f04f 5800 	mov.w	r8, #536870912	; 0x20000000
 1b6:	fbc1 8905 	smlal	r8, r9, r1, r5
 1ba:	9924      	ldr	r1, [sp, #144]	; 0x90
 1bc:	f8cd 8014 	str.w	r8, [sp, #20]
 1c0:	f8cd 9018 	str.w	r9, [sp, #24]
 1c4:	f04f 5800 	mov.w	r8, #536870912	; 0x20000000
 1c8:	f04f 0900 	mov.w	r9, #0
 1cc:	fbc1 8907 	smlal	r8, r9, r1, r7
 1d0:	9d12      	ldr	r5, [sp, #72]	; 0x48
 1d2:	f8cd 801c 	str.w	r8, [sp, #28]
 1d6:	f8cd 9020 	str.w	r9, [sp, #32]
 1da:	9f1b      	ldr	r7, [sp, #108]	; 0x6c
 1dc:	f8dd 802c 	ldr.w	r8, [sp, #44]	; 0x2c
 1e0:	ea40 0085 	orr.w	r0, r0, r5, lsl #2
 1e4:	f10c 0501 	add.w	r5, r12, #1
 1e8:	ea4f 0c65 	mov.w	r12, r5, asr #1
 1ec:	3601      	adds	r6, #1
 1ee:	ea44 0487 	orr.w	r4, r4, r7, lsl #2
 1f2:	3201      	adds	r2, #1
 1f4:	f108 0101 	add.w	r1, r8, #1
 1f8:	9d23      	ldr	r5, [sp, #140]	; 0x8c
 1fa:	eb00 0966 	add.w	r9, r0, r6, asr #1
 1fe:	eb04 0862 	add.w	r8, r4, r2, asr #1
 202:	f04f 5000 	mov.w	r0, #536870912	; 0x20000000
 206:	104c      	asrs	r4, r1, #1
 208:	2100      	movs	r1, #0
 20a:	fbc5 010a 	smlal	r0, r1, r5, r10
 20e:	f647 129a 	movw	r2, #31130	; 0x799a
 212:	900b      	str	r0, [sp, #44]	; 0x2c
 214:	910c      	str	r1, [sp, #48]	; 0x30
 216:	f6c5 2282 	movt	r2, #23170	; 0x5a82
 21a:	ebcc 0008 	rsb	r0, r12, r8
 21e:	2700      	movs	r7, #0
 220:	f04f 5600 	mov.w	r6, #536870912	; 0x20000000
 224:	fbc2 6700 	smlal	r6, r7, r2, r0
 228:	ebc9 0104 	rsb	r1, r9, r4
 22c:	9611      	str	r6, [sp, #68]	; 0x44
 22e:	9712      	str	r7, [sp, #72]	; 0x48
 230:	f04f 5500 	mov.w	r5, #536870912	; 0x20000000
 234:	2600      	movs	r6, #0
 236:	fbc2 5601 	smlal	r5, r6, r2, r1
 23a:	9513      	str	r5, [sp, #76]	; 0x4c
 23c:	9614      	str	r6, [sp, #80]	; 0x50
 23e:	9e05      	ldr	r6, [sp, #20]
 240:	f8dd a018 	ldr.w	r10, [sp, #24]
 244:	0fb1      	lsrs	r1, r6, #30
 246:	9f07      	ldr	r7, [sp, #28]
 248:	ea41 018a 	orr.w	r1, r1, r10, lsl #2
 24c:	9808      	ldr	r0, [sp, #32]
 24e:	f8dd a05c 	ldr.w	r10, [sp, #92]	; 0x5c
 252:	0fbe      	lsrs	r6, r7, #30
 254:	eb0a 050b 	add.w	r5, r10, r11
 258:	9a0b      	ldr	r2, [sp, #44]	; 0x2c
 25a:	f8dd b034 	ldr.w	r11, [sp, #52]	; 0x34
 25e:	ea46 0680 	orr.w	r6, r6, r0, lsl #2
 262:	980f      	ldr	r0, [sp, #60]	; 0x3c
 264:	0f97      	lsrs	r7, r2, #30
 266:	eb0b 0200 	add.w	r2, r11, r0
 26a:	eb04 0009 	add.w	r0, r4, r9
 26e:	eb08 040c 	add.w	r4, r8, r12
 272:	f8dd 8030 	ldr.w	r8, [sp, #48]	; 0x30
 276:	f8dd a044 	ldr.w	r10, [sp, #68]	; 0x44
 27a:	1876      	adds	r6, r6, r1
 27c:	ea47 0788 	orr.w	r7, r7, r8, lsl #2
 280:	3101      	adds	r1, #1
 282:	f106 0901 	add.w	r9, r6, #1
 286:	f8dd b04c 	ldr.w	r11, [sp, #76]	; 0x4c
 28a:	ea4f 7c9a 	mov.w	r12, r10, lsr #30
 28e:	eb07 0161 	add.w	r1, r7, r1, asr #1
 292:	f8dd a024 	ldr.w	r10, [sp, #36]	; 0x24
 296:	1a27      	subs	r7, r4, r0
 298:	1820      	adds	r0, r4, r0
 29a:	9c12      	ldr	r4, [sp, #72]	; 0x48
 29c:	eb05 0802 	add.w	r8, r5, r2
 2a0:	1aaa      	subs	r2, r5, r2
 2a2:	ea4f 0569 	mov.w	r5, r9, asr #1
 2a6:	f8dd 9050 	ldr.w	r9, [sp, #80]	; 0x50
 2aa:	ea4f 769b 	mov.w	r6, r11, lsr #30
 2ae:	ea4c 0c84 	orr.w	r12, r12, r4, lsl #2
 2b2:	f10a 0a40 	add.w	r10, r10, #64	; 0x40
 2b6:	9c16      	ldr	r4, [sp, #88]	; 0x58
 2b8:	f8dd b054 	ldr.w	r11, [sp, #84]	; 0x54
 2bc:	ea46 0689 	orr.w	r6, r6, r9, lsl #2
 2c0:	f5ba 7f00 	cmp.w	r10, #512	; 0x200
 2c4:	f844 800b 	str.w	r8, [r4, r11]
 2c8:	f8cd a024 	str.w	r10, [sp, #36]	; 0x24
 2cc:	611a      	str	r2, [r3, #16]
 2ce:	609d      	str	r5, [r3, #8]
 2d0:	6199      	str	r1, [r3, #24]
 2d2:	61df      	str	r7, [r3, #28]
 2d4:	6058      	str	r0, [r3, #4]
 2d6:	f8c3 c00c 	str.w	r12, [r3, #12]
 2da:	615e      	str	r6, [r3, #20]
 2dc:	f47f aec7 	bne.w	6e <dct2dTestFlt+0x6e>
 2e0:	9d16      	ldr	r5, [sp, #88]	; 0x58
 2e2:	f104 0120 	add.w	r1, r4, #32
 2e6:	f104 0240 	add.w	r2, r4, #64	; 0x40
 2ea:	3580      	adds	r5, #128	; 0x80
 2ec:	3460      	adds	r4, #96	; 0x60
 2ee:	f245 4a42 	movw	r10, #21570	; 0x5442
 2f2:	9e16      	ldr	r6, [sp, #88]	; 0x58
 2f4:	9f16      	ldr	r7, [sp, #88]	; 0x58
 2f6:	f8dd 8058 	ldr.w	r8, [sp, #88]	; 0x58
 2fa:	911c      	str	r1, [sp, #112]	; 0x70
 2fc:	921e      	str	r2, [sp, #120]	; 0x78
 2fe:	9420      	str	r4, [sp, #128]	; 0x80
 300:	951a      	str	r5, [sp, #104]	; 0x68
 302:	f645 7940 	movw	r9, #24384	; 0x5f40
 306:	f50a 5a00 	add.w	r10, r10, #8192	; 0x2000
 30a:	f645 0bfd 	movw	r11, #22781	; 0x58fd
 30e:	f649 0ca4 	movw	r12, #39076	; 0x98a4
 312:	f64b 503b 	movw	r0, #48443	; 0xbd3b
 316:	f245 4142 	movw	r1, #21570	; 0x5442
 31a:	f64e 12ef 	movw	r2, #59887	; 0xe9ef
 31e:	f245 04c3 	movw	r4, #20675	; 0x50c3
 322:	f648 259b 	movw	r5, #35483	; 0x8a9b
 326:	36a0      	adds	r6, #160	; 0xa0
 328:	37c0      	adds	r7, #192	; 0xc0
 32a:	f108 08e0 	add.w	r8, r8, #224	; 0xe0
 32e:	f6c7 598a 	movt	r9, #32138	; 0x7d8a
 332:	f2cb 4abe 	movt	r10, #46270	; 0xb4be
 336:	f6c9 3b6e 	movt	r11, #39790	; 0x9b6e
 33a:	f6c6 2c6d 	movt	r12, #27245	; 0x6a6d
 33e:	f2ca 703a 	movt	r0, #42810	; 0xa73a
 342:	f6cd 41af 	movt	r1, #56495	; 0xdcaf
 346:	f2c4 5245 	movt	r2, #17733	; 0x4545
 34a:	f6c8 14be 	movt	r4, #35262	; 0x89be
 34e:	f2c6 15f7 	movt	r5, #25079	; 0x61f7
 352:	2300      	movs	r3, #0
 354:	961d      	str	r6, [sp, #116]	; 0x74
 356:	971f      	str	r7, [sp, #124]	; 0x7c
 358:	f8cd 8060 	str.w	r8, [sp, #96]	; 0x60
 35c:	f8cd 9084 	str.w	r9, [sp, #132]	; 0x84
 360:	f8cd a088 	str.w	r10, [sp, #136]	; 0x88
 364:	f8cd b08c 	str.w	r11, [sp, #140]	; 0x8c
 368:	f8cd c090 	str.w	r12, [sp, #144]	; 0x90
 36c:	9025      	str	r0, [sp, #148]	; 0x94
 36e:	9126      	str	r1, [sp, #152]	; 0x98
 370:	9227      	str	r2, [sp, #156]	; 0x9c
 372:	9428      	str	r4, [sp, #160]	; 0xa0
 374:	9529      	str	r5, [sp, #164]	; 0xa4
 376:	9e16      	ldr	r6, [sp, #88]	; 0x58
 378:	9820      	ldr	r0, [sp, #128]	; 0x80
 37a:	58f6      	ldr	r6, [r6, r3]
 37c:	58c0      	ldr	r0, [r0, r3]
 37e:	f8dd 8078 	ldr.w	r8, [sp, #120]	; 0x78
 382:	9c1f      	ldr	r4, [sp, #124]	; 0x7c
 384:	9f1c      	ldr	r7, [sp, #112]	; 0x70
 386:	991a      	ldr	r1, [sp, #104]	; 0x68
 388:	f858 9003 	ldr.w	r9, [r8, r3]
 38c:	58ff      	ldr	r7, [r7, r3]
 38e:	f854 8003 	ldr.w	r8, [r4, r3]
 392:	9602      	str	r6, [sp, #8]
 394:	9000      	str	r0, [sp, #0]
 396:	9e18      	ldr	r6, [sp, #96]	; 0x60
 398:	58c9      	ldr	r1, [r1, r3]
 39a:	f8dd b000 	ldr.w	r11, [sp]
 39e:	58f5      	ldr	r5, [r6, r3]
 3a0:	ebc8 0407 	rsb	r4, r8, r7
 3a4:	9701      	str	r7, [sp, #4]
 3a6:	9f02      	ldr	r7, [sp, #8]
 3a8:	9104      	str	r1, [sp, #16]
 3aa:	ebc1 010b 	rsb	r1, r1, r11
 3ae:	f8dd b098 	ldr.w	r11, [sp, #152]	; 0x98
 3b2:	1b78      	subs	r0, r7, r5
 3b4:	f04f 5680 	mov.w	r6, #268435456	; 0x10000000
 3b8:	2700      	movs	r7, #0
 3ba:	fbcb 6700 	smlal	r6, r7, r11, r0
 3be:	9a1d      	ldr	r2, [sp, #116]	; 0x74
 3c0:	9605      	str	r6, [sp, #20]
 3c2:	9706      	str	r7, [sp, #24]
 3c4:	f852 a003 	ldr.w	r10, [r2, r3]
 3c8:	9e21      	ldr	r6, [sp, #132]	; 0x84
 3ca:	ebca 0209 	rsb	r2, r10, r9
 3ce:	18a7      	adds	r7, r4, r2
 3d0:	f04f 5b00 	mov.w	r11, #536870912	; 0x20000000
 3d4:	f04f 0c00 	mov.w	r12, #0
 3d8:	fbc6 bc07 	smlal	r11, r12, r6, r7
 3dc:	9e23      	ldr	r6, [sp, #140]	; 0x8c
 3de:	f8cd b034 	str.w	r11, [sp, #52]	; 0x34
 3e2:	f8cd c038 	str.w	r12, [sp, #56]	; 0x38
 3e6:	f04f 5b00 	mov.w	r11, #536870912	; 0x20000000
 3ea:	f04f 0c00 	mov.w	r12, #0
 3ee:	fbc6 bc04 	smlal	r11, r12, r6, r4
 3f2:	9c24      	ldr	r4, [sp, #144]	; 0x90
 3f4:	1840      	adds	r0, r0, r1
 3f6:	f8cd b01c 	str.w	r11, [sp, #28]
 3fa:	f8cd c020 	str.w	r12, [sp, #32]
 3fe:	f04f 5b00 	mov.w	r11, #536870912	; 0x20000000
 402:	f04f 0c00 	mov.w	r12, #0
 406:	fbc4 bc00 	smlal	r11, r12, r4, r0
 40a:	f8cd b044 	str.w	r11, [sp, #68]	; 0x44
 40e:	f8cd c048 	str.w	r12, [sp, #72]	; 0x48
 412:	f8dd b088 	ldr.w	r11, [sp, #136]	; 0x88
 416:	2700      	movs	r7, #0
 418:	f04f 5600 	mov.w	r6, #536870912	; 0x20000000
 41c:	fbcb 6702 	smlal	r6, r7, r11, r2
 420:	f8dd b094 	ldr.w	r11, [sp, #148]	; 0x94
 424:	960f      	str	r6, [sp, #60]	; 0x3c
 426:	9710      	str	r7, [sp, #64]	; 0x40
 428:	2700      	movs	r7, #0
 42a:	f04f 5600 	mov.w	r6, #536870912	; 0x20000000
 42e:	fbcb 6701 	smlal	r6, r7, r11, r1
 432:	9613      	str	r6, [sp, #76]	; 0x4c
 434:	9714      	str	r7, [sp, #80]	; 0x50
 436:	9802      	ldr	r0, [sp, #8]
 438:	9a01      	ldr	r2, [sp, #4]
 43a:	f8dd c014 	ldr.w	r12, [sp, #20]
 43e:	182d      	adds	r5, r5, r0
 440:	4490      	add	r8, r2
 442:	44ca      	add	r10, r9
 444:	f8dd 9044 	ldr.w	r9, [sp, #68]	; 0x44
 448:	9515      	str	r5, [sp, #84]	; 0x54
 44a:	f8cd 802c 	str.w	r8, [sp, #44]	; 0x2c
 44e:	f8cd a05c 	str.w	r10, [sp, #92]	; 0x5c
 452:	f8dd 801c 	ldr.w	r8, [sp, #28]
 456:	f8dd a018 	ldr.w	r10, [sp, #24]
 45a:	9d00      	ldr	r5, [sp, #0]
 45c:	9c04      	ldr	r4, [sp, #16]
 45e:	9f0d      	ldr	r7, [sp, #52]	; 0x34
 460:	ea4f 715c 	mov.w	r1, r12, lsr #29
 464:	ea4f 7299 	mov.w	r2, r9, lsr #30
 468:	f8dd c054 	ldr.w	r12, [sp, #84]	; 0x54
 46c:	f8dd 9048 	ldr.w	r9, [sp, #72]	; 0x48
 470:	eb05 0b04 	add.w	r11, r5, r4
 474:	980b      	ldr	r0, [sp, #44]	; 0x2c
 476:	9c17      	ldr	r4, [sp, #92]	; 0x5c
 478:	ea4f 7598 	mov.w	r5, r8, lsr #30
 47c:	ea41 01ca 	orr.w	r1, r1, r10, lsl #3
 480:	f8dd 8038 	ldr.w	r8, [sp, #56]	; 0x38
 484:	0fbe      	lsrs	r6, r7, #30
 486:	ea42 0289 	orr.w	r2, r2, r9, lsl #2
 48a:	ebcb 070c 	rsb	r7, r11, r12
 48e:	3101      	adds	r1, #1
 490:	f8dd c020 	ldr.w	r12, [sp, #32]
 494:	ebc4 0a00 	rsb	r10, r4, r0
 498:	ea46 0688 	orr.w	r6, r6, r8, lsl #2
 49c:	9c0f      	ldr	r4, [sp, #60]	; 0x3c
 49e:	f8dd 804c 	ldr.w	r8, [sp, #76]	; 0x4c
 4a2:	eb02 0161 	add.w	r1, r2, r1, asr #1
 4a6:	9107      	str	r1, [sp, #28]
 4a8:	ea45 058c 	orr.w	r5, r5, r12, lsl #2
 4ac:	9927      	ldr	r1, [sp, #156]	; 0x9c
 4ae:	eb05 0c06 	add.w	r12, r5, r6
 4b2:	0fa0      	lsrs	r0, r4, #30
 4b4:	eb0a 0507 	add.w	r5, r10, r7
 4b8:	ea4f 7498 	mov.w	r4, r8, lsr #30
 4bc:	f04f 0900 	mov.w	r9, #0
 4c0:	f04f 5800 	mov.w	r8, #536870912	; 0x20000000
 4c4:	fbc1 8905 	smlal	r8, r9, r1, r5
 4c8:	9929      	ldr	r1, [sp, #164]	; 0xa4
 4ca:	f8cd 8014 	str.w	r8, [sp, #20]
 4ce:	f8cd 9018 	str.w	r9, [sp, #24]
 4d2:	f04f 5800 	mov.w	r8, #536870912	; 0x20000000
 4d6:	f04f 0900 	mov.w	r9, #0
 4da:	fbc1 8907 	smlal	r8, r9, r1, r7
 4de:	9d10      	ldr	r5, [sp, #64]	; 0x40
 4e0:	f8cd 8034 	str.w	r8, [sp, #52]	; 0x34
 4e4:	f8cd 9038 	str.w	r9, [sp, #56]	; 0x38
 4e8:	9f14      	ldr	r7, [sp, #80]	; 0x50
 4ea:	f8dd 801c 	ldr.w	r8, [sp, #28]
 4ee:	ea40 0085 	orr.w	r0, r0, r5, lsl #2
 4f2:	f10c 0501 	add.w	r5, r12, #1
 4f6:	ea4f 0c65 	mov.w	r12, r5, asr #1
 4fa:	3601      	adds	r6, #1
 4fc:	ea44 0487 	orr.w	r4, r4, r7, lsl #2
 500:	3201      	adds	r2, #1
 502:	f108 0101 	add.w	r1, r8, #1
 506:	9d28      	ldr	r5, [sp, #160]	; 0xa0
 508:	eb00 0966 	add.w	r9, r0, r6, asr #1
 50c:	eb04 0862 	add.w	r8, r4, r2, asr #1
 510:	f04f 5000 	mov.w	r0, #536870912	; 0x20000000
 514:	104c      	asrs	r4, r1, #1
 516:	2100      	movs	r1, #0
 518:	fbc5 010a 	smlal	r0, r1, r5, r10
 51c:	f647 129a 	movw	r2, #31130	; 0x799a
 520:	9009      	str	r0, [sp, #36]	; 0x24
 522:	910a      	str	r1, [sp, #40]	; 0x28
 524:	f6c5 2282 	movt	r2, #23170	; 0x5a82
 528:	ebcc 0008 	rsb	r0, r12, r8
 52c:	2700      	movs	r7, #0
 52e:	f04f 5600 	mov.w	r6, #536870912	; 0x20000000
 532:	fbc2 6700 	smlal	r6, r7, r2, r0
 536:	ebc9 0104 	rsb	r1, r9, r4
 53a:	960f      	str	r6, [sp, #60]	; 0x3c
 53c:	9710      	str	r7, [sp, #64]	; 0x40
 53e:	f04f 5500 	mov.w	r5, #536870912	; 0x20000000
 542:	2600      	movs	r6, #0
 544:	fbc2 5601 	smlal	r5, r6, r2, r1
 548:	9507      	str	r5, [sp, #28]
 54a:	9608      	str	r6, [sp, #32]
 54c:	9e05      	ldr	r6, [sp, #20]
 54e:	f8dd a018 	ldr.w	r10, [sp, #24]
 552:	0fb1      	lsrs	r1, r6, #30
 554:	9f0d      	ldr	r7, [sp, #52]	; 0x34
 556:	ea41 018a 	orr.w	r1, r1, r10, lsl #2
 55a:	980e      	ldr	r0, [sp, #56]	; 0x38
 55c:	f8dd a054 	ldr.w	r10, [sp, #84]	; 0x54
 560:	0fbe      	lsrs	r6, r7, #30
 562:	eb0a 050b 	add.w	r5, r10, r11
 566:	9a09      	ldr	r2, [sp, #36]	; 0x24
 568:	f8dd b02c 	ldr.w	r11, [sp, #44]	; 0x2c
 56c:	ea46 0680 	orr.w	r6, r6, r0, lsl #2
 570:	9817      	ldr	r0, [sp, #92]	; 0x5c
 572:	f8dd a03c 	ldr.w	r10, [sp, #60]	; 0x3c
 576:	0f97      	lsrs	r7, r2, #30
 578:	eb0b 0200 	add.w	r2, r11, r0
 57c:	eb04 0009 	add.w	r0, r4, r9
 580:	eb08 040c 	add.w	r4, r8, r12
 584:	f8dd 8028 	ldr.w	r8, [sp, #40]	; 0x28
 588:	1876      	adds	r6, r6, r1
 58a:	f8dd b01c 	ldr.w	r11, [sp, #28]
 58e:	ea4f 7c9a 	mov.w	r12, r10, lsr #30
 592:	f8dd a058 	ldr.w	r10, [sp, #88]	; 0x58
 596:	ea47 0788 	orr.w	r7, r7, r8, lsl #2
 59a:	f106 0901 	add.w	r9, r6, #1
 59e:	eb05 0802 	add.w	r8, r5, r2
 5a2:	3101      	adds	r1, #1
 5a4:	1aaa      	subs	r2, r5, r2
 5a6:	ea4f 769b 	mov.w	r6, r11, lsr #30
 5aa:	ea4f 0569 	mov.w	r5, r9, asr #1
 5ae:	eb07 0161 	add.w	r1, r7, r1, asr #1
 5b2:	f8dd 9020 	ldr.w	r9, [sp, #32]
 5b6:	1a27      	subs	r7, r4, r0
 5b8:	1820      	adds	r0, r4, r0
 5ba:	9c10      	ldr	r4, [sp, #64]	; 0x40
 5bc:	f84a 8003 	str.w	r8, [r10, r3]
 5c0:	f8dd b068 	ldr.w	r11, [sp, #104]	; 0x68
 5c4:	ea4c 0c84 	orr.w	r12, r12, r4, lsl #2
 5c8:	f84b 2003 	str.w	r2, [r11, r3]
 5cc:	9a1e      	ldr	r2, [sp, #120]	; 0x78
 5ce:	9c1f      	ldr	r4, [sp, #124]	; 0x7c
 5d0:	50d5      	str	r5, [r2, r3]
 5d2:	9d18      	ldr	r5, [sp, #96]	; 0x60
 5d4:	50e1      	str	r1, [r4, r3]
 5d6:	ea46 0689 	orr.w	r6, r6, r9, lsl #2
 5da:	50ef      	str	r7, [r5, r3]
 5dc:	f8dd 8080 	ldr.w	r8, [sp, #128]	; 0x80
 5e0:	9f1c      	ldr	r7, [sp, #112]	; 0x70
 5e2:	f8dd 9074 	ldr.w	r9, [sp, #116]	; 0x74
 5e6:	50f8      	str	r0, [r7, r3]
 5e8:	f848 c003 	str.w	r12, [r8, r3]
 5ec:	f849 6003 	str.w	r6, [r9, r3]
 5f0:	3304      	adds	r3, #4
 5f2:	2b20      	cmp	r3, #32
 5f4:	f47f aebf 	bne.w	376 <dct2dTestFlt+0x376>
 5f8:	b02a      	add	sp, #168	; 0xa8
 5fa:	e8bd 0ff0 	ldmia.w	sp!, {r4, r5, r6, r7, r8, r9, r10, r11}
 5fe:	4770      	bx	lr
